Arguments: 
  F:\Nodejs\node.exe F:\Nodejs\node_modules\npm\node_global_modules\node_modules\yarn\bin\yarn.js add mongooes

PATH: 
  C:\Windows\System32;C:\WINDOWS\system32;C:\WINDOWS;C:\WINDOWS\System32\Wbem;C:\WINDOWS\System32\WindowsPowerShell\v1.0\;F:\winmerge\WinMerge;C:\WINDOWS\System32\OpenSSH\;F:\VSCode\Microsoft VS Code\bin;F:\Nodejs\node_modules\npm\bin;F:\Nodejs\node_modules\npm\node_global_modules;F:\Nodejs\node_modules\npm\node_modules;C:\Program Files (x86)\Windows Kits\8.1\Windows Performance Toolkit\;C:\Program Files\Microsoft SQL Server\110\Tools\Binn\;C:\Program Files (x86)\Microsoft SQL Server\130\Tools\Binn\;C:\Program Files\Microsoft SQL Server\130\Tools\Binn\;C:\Program Files (x86)\Microsoft SQL Server\130\DTS\Binn\;C:\Program Files\Microsoft SQL Server\130\DTS\Binn\;C:\Program Files\Microsoft SQL Server\Client SDK\ODBC\130\Tools\Binn\;C:\Program Files (x86)\Microsoft SQL Server\Client SDK\ODBC\130\Tools\Binn\;C:\Program Files (x86)\Microsoft SQL Server\130\Tools\Binn\ManagementStudio\;F:\nvm\nvm;F:\Nodejs;F:\git\Git\cmd;F:\Python\Python;F:\Python\Python\Scripts;C:\Program Files (x86)\Google\Chrome\Application;F:\java\jdk11\bin;F:\java\jdk11\jre\bin;F:\MySQL\MySQL Server 8.0\bin;F:\Python\python\Scripts\;F:\Python\python\;C:\Users\Rico\AppData\Local\Microsoft\WindowsApps;F:\nvm\nvm;F:\Nodejs;F:\java\idea\bin;;F:\VSCode\Microsoft VS Code\bin

Yarn version: 
  1.22.10

Node version: 
  14.16.0

Platform: 
  win32 x64

Trace: 
  Error: https://registry.npm.taobao.org/mongooes: Not found
      at Request.params.callback [as _callback] (F:\nvm\nvm\v14.16.0\node_modules\npm\node_global_modules\node_modules\yarn\lib\cli.js:66988:18)
      at Request.self.callback (F:\nvm\nvm\v14.16.0\node_modules\npm\node_global_modules\node_modules\yarn\lib\cli.js:140662:22)
      at Request.emit (events.js:315:20)
      at Request.<anonymous> (F:\nvm\nvm\v14.16.0\node_modules\npm\node_global_modules\node_modules\yarn\lib\cli.js:141634:10)
      at Request.emit (events.js:315:20)
      at IncomingMessage.<anonymous> (F:\nvm\nvm\v14.16.0\node_modules\npm\node_global_modules\node_modules\yarn\lib\cli.js:141556:12)
      at Object.onceWrapper (events.js:421:28)
      at IncomingMessage.emit (events.js:327:22)
      at endReadableNT (internal/streams/readable.js:1327:12)
      at processTicksAndRejections (internal/process/task_queues.js:80:21)

npm manifest: 
  {
    "name": "mogodb_learning",
    "version": "1.0.0",
    "description": "",
    "main": "index.js",
    "scripts": {
      "test": "echo \"Error: no test specified\" && exit 1"
    },
    "keywords": [],
    "author": "",
    "license": "ISC"
  }

yarn manifest: 
  No manifest

Lockfile: 
  No lockfile
